2020/03/05 16:57:47 [INFO] Terraform version: 0.12.19  
2020/03/05 16:57:47 [INFO] Go runtime version: go1.12.13
2020/03/05 16:57:47 [INFO] CLI args: []string{"/usr/local/bin/terraform", "init"}
2020/03/05 16:57:47 [DEBUG] Attempting to open CLI config file: /Users/Benoit2/.terraformrc
2020/03/05 16:57:47 [DEBUG] File doesn't exist, but doesn't need to. Ignoring.
2020/03/05 16:57:47 [DEBUG] checking for credentials in "/Users/Benoit2/.terraform.d/plugins"
2020/03/05 16:57:47 [INFO] CLI command args: []string{"init"}
2020/03/05 16:59:47 [INFO] Terraform version: 0.12.19  
2020/03/05 16:59:47 [INFO] Go runtime version: go1.12.13
2020/03/05 16:59:47 [INFO] CLI args: []string{"/usr/local/bin/terraform", "init"}
2020/03/05 16:59:47 [DEBUG] Attempting to open CLI config file: /Users/Benoit2/.terraformrc
2020/03/05 16:59:47 [DEBUG] File doesn't exist, but doesn't need to. Ignoring.
2020/03/05 16:59:47 [DEBUG] checking for credentials in "/Users/Benoit2/.terraform.d/plugins"
2020/03/05 16:59:47 [INFO] CLI command args: []string{"init"}
2020/03/05 16:59:47 [TRACE] Meta.Backend: no config given or present on disk, so returning nil config
2020/03/05 16:59:47 [TRACE] Meta.Backend: backend has not previously been initialized in this working directory
2020/03/05 16:59:47 [DEBUG] New state was assigned lineage "6574b45e-62b7-f128-6ea7-9738e151c77a"
2020/03/05 16:59:47 [TRACE] Meta.Backend: using default local state only (no backend configuration, and no existing initialized backend)
2020/03/05 16:59:47 [TRACE] Meta.Backend: instantiated backend of type <nil>
2020/03/05 16:59:47 [DEBUG] checking for provider in "."
2020/03/05 16:59:47 [DEBUG] checking for provider in "/usr/local/bin"
2020/03/05 16:59:47 [DEBUG] checking for provider in "/Users/Benoit2/.terraform.d/plugins"
2020/03/05 16:59:47 [DEBUG] found provider "terraform-provider-ibm_v1.2.1"
2020/03/05 16:59:47 [DEBUG] found provider "terraform-provider-ibm_v1.2.3"
2020/03/05 16:59:47 [DEBUG] found valid plugin: "ibm", "1.2.3", "/Users/Benoit2/.terraform.d/plugins/terraform-provider-ibm_v1.2.3"
2020/03/05 16:59:47 [DEBUG] found valid plugin: "ibm", "1.2.1", "/Users/Benoit2/.terraform.d/plugins/terraform-provider-ibm_v1.2.1"
2020/03/05 16:59:47 [DEBUG] checking for provisioner in "."
2020/03/05 16:59:47 [DEBUG] checking for provisioner in "/usr/local/bin"
2020/03/05 16:59:47 [DEBUG] checking for provisioner in "/Users/Benoit2/.terraform.d/plugins"
2020/03/05 16:59:47 [INFO] Failed to read plugin lock file .terraform/plugins/darwin_amd64/lock.json: open .terraform/plugins/darwin_amd64/lock.json: no such file or directory
2020/03/05 16:59:47 [TRACE] Meta.Backend: backend <nil> does not support operations, so wrapping it in a local backend
2020/03/05 16:59:47 [TRACE] backend/local: state manager for workspace "default" will:
 - read initial snapshot from terraform.tfstate
 - write new snapshots to terraform.tfstate
 - create any backup at terraform.tfstate.backup
2020/03/05 16:59:47 [TRACE] statemgr.Filesystem: reading initial snapshot from terraform.tfstate
2020/03/05 16:59:47 [TRACE] statemgr.Filesystem: snapshot file has nil snapshot, but that's okay
2020/03/05 16:59:47 [TRACE] statemgr.Filesystem: read nil snapshot
2020/03/05 16:59:47 [DEBUG] checking for provider in "."
2020/03/05 16:59:47 [DEBUG] checking for provider in "/usr/local/bin"
2020/03/05 16:59:47 [DEBUG] checking for provider in "/Users/Benoit2/.terraform.d/plugins"
2020/03/05 16:59:47 [DEBUG] found provider "terraform-provider-ibm_v1.2.1"
2020/03/05 16:59:47 [DEBUG] found provider "terraform-provider-ibm_v1.2.3"
2020/03/05 16:59:47 [DEBUG] found valid plugin: "ibm", "1.2.1", "/Users/Benoit2/.terraform.d/plugins/terraform-provider-ibm_v1.2.1"
2020/03/05 16:59:47 [DEBUG] found valid plugin: "ibm", "1.2.3", "/Users/Benoit2/.terraform.d/plugins/terraform-provider-ibm_v1.2.3"
2020/03/05 16:59:47 [DEBUG] plugin requirements: "ibm"=""
2020/03/05 16:59:47 [DEBUG] checking for provider in "."
2020/03/05 16:59:47 [DEBUG] checking for provider in "/usr/local/bin"
2020/03/05 16:59:47 [DEBUG] checking for provider in "/Users/Benoit2/.terraform.d/plugins"
2020/03/05 16:59:47 [DEBUG] found provider "terraform-provider-ibm_v1.2.1"
2020/03/05 16:59:47 [DEBUG] found provider "terraform-provider-ibm_v1.2.3"
2020/03/05 16:59:47 [DEBUG] found valid plugin: "ibm", "1.2.1", "/Users/Benoit2/.terraform.d/plugins/terraform-provider-ibm_v1.2.1"
2020/03/05 16:59:47 [DEBUG] found valid plugin: "ibm", "1.2.3", "/Users/Benoit2/.terraform.d/plugins/terraform-provider-ibm_v1.2.3"
2020/03/05 16:59:47 [DEBUG] checking for provider in ".terraform/plugins/darwin_amd64"
2020/03/05 16:59:51 [INFO] Terraform version: 0.12.19  
2020/03/05 16:59:51 [INFO] Go runtime version: go1.12.13
2020/03/05 16:59:51 [INFO] CLI args: []string{"/usr/local/bin/terraform", "plan"}
2020/03/05 16:59:51 [DEBUG] Attempting to open CLI config file: /Users/Benoit2/.terraformrc
2020/03/05 16:59:51 [DEBUG] File doesn't exist, but doesn't need to. Ignoring.
2020/03/05 16:59:51 [DEBUG] checking for credentials in "/Users/Benoit2/.terraform.d/plugins"
2020/03/05 16:59:51 [INFO] CLI command args: []string{"plan"}
2020/03/05 16:59:51 [TRACE] Meta.Backend: no config given or present on disk, so returning nil config
2020/03/05 16:59:51 [TRACE] Meta.Backend: backend has not previously been initialized in this working directory
2020/03/05 16:59:51 [DEBUG] New state was assigned lineage "d403936b-c564-22d0-80e3-0412f7c7fb5b"
2020/03/05 16:59:51 [TRACE] Meta.Backend: using default local state only (no backend configuration, and no existing initialized backend)
2020/03/05 16:59:51 [TRACE] Meta.Backend: instantiated backend of type <nil>
2020/03/05 16:59:51 [DEBUG] checking for provider in "."
2020/03/05 16:59:51 [DEBUG] checking for provider in "/usr/local/bin"
2020/03/05 16:59:51 [DEBUG] checking for provider in ".terraform/plugins/darwin_amd64"
2020/03/05 16:59:51 [DEBUG] checking for provider in "/Users/Benoit2/.terraform.d/plugins"
2020/03/05 16:59:51 [DEBUG] found provider "terraform-provider-ibm_v1.2.1"
2020/03/05 16:59:51 [DEBUG] found provider "terraform-provider-ibm_v1.2.3"
2020/03/05 16:59:51 [DEBUG] found valid plugin: "ibm", "1.2.1", "/Users/Benoit2/.terraform.d/plugins/terraform-provider-ibm_v1.2.1"
2020/03/05 16:59:51 [DEBUG] found valid plugin: "ibm", "1.2.3", "/Users/Benoit2/.terraform.d/plugins/terraform-provider-ibm_v1.2.3"
2020/03/05 16:59:51 [DEBUG] checking for provisioner in "."
2020/03/05 16:59:51 [DEBUG] checking for provisioner in "/usr/local/bin"
2020/03/05 16:59:51 [DEBUG] checking for provisioner in ".terraform/plugins/darwin_amd64"
2020/03/05 16:59:51 [DEBUG] checking for provisioner in "/Users/Benoit2/.terraform.d/plugins"
2020/03/05 16:59:51 [TRACE] Meta.Backend: backend <nil> does not support operations, so wrapping it in a local backend
2020/03/05 16:59:51 [INFO] backend/local: starting Plan operation
2020/03/05 16:59:51 [TRACE] backend/local: requesting state manager for workspace "default"
2020/03/05 16:59:51 [TRACE] backend/local: state manager for workspace "default" will:
 - read initial snapshot from terraform.tfstate
 - write new snapshots to terraform.tfstate
 - create any backup at terraform.tfstate.backup
2020/03/05 16:59:51 [TRACE] backend/local: requesting state lock for workspace "default"
2020/03/05 16:59:51 [TRACE] statemgr.Filesystem: preparing to manage state snapshots at terraform.tfstate
2020/03/05 16:59:51 [TRACE] statemgr.Filesystem: no previously-stored snapshot exists
2020/03/05 16:59:51 [TRACE] statemgr.Filesystem: locking terraform.tfstate using fcntl flock
2020/03/05 16:59:51 [TRACE] statemgr.Filesystem: writing lock metadata to .terraform.tfstate.lock.info
2020/03/05 16:59:51 [TRACE] backend/local: reading remote state for workspace "default"
2020/03/05 16:59:51 [TRACE] statemgr.Filesystem: reading latest snapshot from terraform.tfstate
2020/03/05 16:59:51 [TRACE] statemgr.Filesystem: snapshot file has nil snapshot, but that's okay
2020/03/05 16:59:51 [TRACE] statemgr.Filesystem: read nil snapshot
2020/03/05 16:59:51 [TRACE] backend/local: retrieving local state snapshot for workspace "default"
2020/03/05 16:59:51 [TRACE] backend/local: building context for current working directory
2020/03/05 16:59:51 [DEBUG] backend/local: will prompt for input of unset required variables [sshkey powerinstanceid]
2020/03/05 16:59:51 [DEBUG] command: asking for input: "var.powerinstanceid"
2020/03/05 17:02:03 [DEBUG] command: asking for input: "var.sshkey"
2020/03/05 17:05:45 [WARN] backend/local: Failed to request user input for variable "sshkey": interrupted
2020/03/05 17:05:45 [TRACE] statemgr.Filesystem: removing lock metadata file .terraform.tfstate.lock.info
2020/03/05 17:05:45 [TRACE] statemgr.Filesystem: unlocking terraform.tfstate using fcntl flock
